Mon, 20 Apr 2015 21:34:51 root INFO     Starting performance data generation ...
Mon, 20 Apr 2015 21:34:51 root INFO     Thread| 0:Processing Hostname GB-LD-0001 instance size S
Mon, 20 Apr 2015 21:34:51 root INFO     Thread| 0: Collection Type IOSTAT - Counter Name PHYRDS - Instance Size S - Min Value 10 - Max Value 100
Mon, 20 Apr 2015 21:34:51 root INFO     Thread| 0: Collection Type IOSTAT - Counter Name READTIM - Instance Size S - Min Value 100 - Max Value 1000
Mon, 20 Apr 2015 21:34:51 root INFO     Thread| 0: Collection Type CPUSTAT - Counter Name CPUSEC - Instance Size S - Min Value 1000 - Max Value 10000
Mon, 20 Apr 2015 21:34:51 root INFO     Thread| 0:Processing Hostname GB-LD-0002 instance size S
Mon, 20 Apr 2015 21:34:51 root INFO     Thread| 0: Collection Type IOSTAT - Counter Name PHYRDS - Instance Size S - Min Value 10 - Max Value 100
Mon, 20 Apr 2015 21:34:51 root INFO     Thread| 0: Collection Type IOSTAT - Counter Name READTIM - Instance Size S - Min Value 100 - Max Value 1000
Mon, 20 Apr 2015 21:34:51 root INFO     Thread| 0: Collection Type CPUSTAT - Counter Name CPUSEC - Instance Size S - Min Value 1000 - Max Value 10000
Mon, 20 Apr 2015 21:34:51 root INFO     Thread| 0:Processing Hostname GB-LD-0003 instance size S
Mon, 20 Apr 2015 21:34:51 root INFO     Thread| 0: Collection Type IOSTAT - Counter Name PHYRDS - Instance Size S - Min Value 10 - Max Value 100
Mon, 20 Apr 2015 21:34:51 root INFO     Thread| 0: Collection Type IOSTAT - Counter Name READTIM - Instance Size S - Min Value 100 - Max Value 1000
Mon, 20 Apr 2015 21:34:51 root INFO     Thread| 0: Collection Type CPUSTAT - Counter Name CPUSEC - Instance Size S - Min Value 1000 - Max Value 10000
Mon, 20 Apr 2015 21:34:51 root INFO     Thread| 0:Processing Hostname GB-LD-0004 instance size L
Mon, 20 Apr 2015 21:34:51 root INFO     Thread| 0: Collection Type IOSTAT - Counter Name PHYRDS - Instance Size L - Min Value 450 - Max Value 10000
Mon, 20 Apr 2015 21:34:51 root INFO     Thread| 0: Collection Type IOSTAT - Counter Name READTIM - Instance Size L - Min Value 3000 - Max Value 10000
Mon, 20 Apr 2015 21:34:51 root INFO     Thread| 0: Collection Type CPUSTAT - Counter Name CPUSEC - Instance Size L - Min Value 10000 - Max Value 50000
Mon, 20 Apr 2015 21:35:52 root INFO     Starting performance data generation ...
Mon, 20 Apr 2015 21:35:52 root INFO     Thread| 0:Processing Hostname GB-LD-0001 instance size S
Mon, 20 Apr 2015 21:35:52 root INFO     Thread| 0: Collection Type IOSTAT - Counter Name PHYRDS - Min Value 10 - Max Value 100
Mon, 20 Apr 2015 21:35:52 root INFO     Thread| 0: Collection Type IOSTAT - Counter Name READTIM - Min Value 100 - Max Value 1000
Mon, 20 Apr 2015 21:35:52 root INFO     Thread| 0: Collection Type CPUSTAT - Counter Name CPUSEC - Min Value 1000 - Max Value 10000
Mon, 20 Apr 2015 21:35:52 root INFO     Thread| 0:Processing Hostname GB-LD-0002 instance size S
Mon, 20 Apr 2015 21:35:52 root INFO     Thread| 0: Collection Type IOSTAT - Counter Name PHYRDS - Min Value 10 - Max Value 100
Mon, 20 Apr 2015 21:35:52 root INFO     Thread| 0: Collection Type IOSTAT - Counter Name READTIM - Min Value 100 - Max Value 1000
Mon, 20 Apr 2015 21:35:52 root INFO     Thread| 0: Collection Type CPUSTAT - Counter Name CPUSEC - Min Value 1000 - Max Value 10000
Mon, 20 Apr 2015 21:35:52 root INFO     Thread| 0:Processing Hostname GB-LD-0003 instance size S
Mon, 20 Apr 2015 21:35:52 root INFO     Thread| 0: Collection Type IOSTAT - Counter Name PHYRDS - Min Value 10 - Max Value 100
Mon, 20 Apr 2015 21:35:52 root INFO     Thread| 0: Collection Type IOSTAT - Counter Name READTIM - Min Value 100 - Max Value 1000
Mon, 20 Apr 2015 21:35:52 root INFO     Thread| 0: Collection Type CPUSTAT - Counter Name CPUSEC - Min Value 1000 - Max Value 10000
Mon, 20 Apr 2015 21:35:52 root INFO     Thread| 0:Processing Hostname GB-LD-0004 instance size L
Mon, 20 Apr 2015 21:35:52 root INFO     Thread| 0: Collection Type IOSTAT - Counter Name PHYRDS - Min Value 450 - Max Value 10000
Mon, 20 Apr 2015 21:35:52 root INFO     Thread| 0: Collection Type IOSTAT - Counter Name READTIM - Min Value 3000 - Max Value 10000
Mon, 20 Apr 2015 21:35:52 root INFO     Thread| 0: Collection Type CPUSTAT - Counter Name CPUSEC - Min Value 10000 - Max Value 50000
Mon, 20 Apr 2015 21:37:11 root INFO     Starting performance data generation ...
Mon, 20 Apr 2015 21:37:11 root INFO     Thread| 0:Processing Hostname GB-LD-0001 instance size S
Mon, 20 Apr 2015 21:37:11 root INFO     Thread| 0: Collection Type IOSTAT - Counter Name PHYRDS - Min Value 10 - Max Value 100
Mon, 20 Apr 2015 21:37:11 root INFO     Thread| 0: Collection Type IOSTAT - Counter Name READTIM - Min Value 100 - Max Value 1000
Mon, 20 Apr 2015 21:37:11 root INFO     Thread| 0: Collection Type CPUSTAT - Counter Name CPUSEC - Min Value 1000 - Max Value 10000
Mon, 20 Apr 2015 21:37:11 root INFO     Thread| 0:Processing Hostname GB-LD-0002 instance size S
Mon, 20 Apr 2015 21:37:11 root INFO     Thread| 0: Collection Type IOSTAT - Counter Name PHYRDS - Min Value 10 - Max Value 100
Mon, 20 Apr 2015 21:37:11 root INFO     Thread| 0: Collection Type IOSTAT - Counter Name READTIM - Min Value 100 - Max Value 1000
Mon, 20 Apr 2015 21:37:11 root INFO     Thread| 0: Collection Type CPUSTAT - Counter Name CPUSEC - Min Value 1000 - Max Value 10000
Mon, 20 Apr 2015 21:37:11 root INFO     Thread| 0:Processing Hostname GB-LD-0003 instance size S
Mon, 20 Apr 2015 21:37:11 root INFO     Thread| 0: Collection Type IOSTAT - Counter Name PHYRDS - Min Value 10 - Max Value 100
Mon, 20 Apr 2015 21:37:11 root INFO     Thread| 0: Collection Type IOSTAT - Counter Name READTIM - Min Value 100 - Max Value 1000
Mon, 20 Apr 2015 21:37:11 root INFO     Thread| 0: Collection Type CPUSTAT - Counter Name CPUSEC - Min Value 1000 - Max Value 10000
Mon, 20 Apr 2015 21:37:11 root INFO     Thread| 0:Processing Hostname GB-LD-0004 instance size L
Mon, 20 Apr 2015 21:37:11 root INFO     Thread| 0: Collection Type IOSTAT - Counter Name PHYRDS - Min Value 450 - Max Value 10000
Mon, 20 Apr 2015 21:37:11 root INFO     Thread| 0: Collection Type IOSTAT - Counter Name READTIM - Min Value 3000 - Max Value 10000
Mon, 20 Apr 2015 21:37:11 root INFO     Thread| 0: Collection Type CPUSTAT - Counter Name CPUSEC - Min Value 10000 - Max Value 50000
Mon, 20 Apr 2015 21:47:43 root INFO     Starting performance data generation ...
Mon, 20 Apr 2015 21:47:43 root INFO     Thread| 0:Processing Hostname GB-LD-0001 instance size S
Mon, 20 Apr 2015 21:47:43 root INFO     Thread| 0: Collection Type IOSTAT - Counter Name PHYRDS - Min Value 10 - Max Value 100
Mon, 20 Apr 2015 21:47:43 root INFO     Thread| 0: Collection Type IOSTAT - Counter Name READTIM - Min Value 100 - Max Value 1000
Mon, 20 Apr 2015 21:47:43 root INFO     Thread| 0: Collection Type CPUSTAT - Counter Name CPUSEC - Min Value 1000 - Max Value 10000
Mon, 20 Apr 2015 21:47:43 root INFO     Thread| 0:Processing Hostname GB-LD-0002 instance size S
Mon, 20 Apr 2015 21:47:43 root INFO     Thread| 0: Collection Type IOSTAT - Counter Name PHYRDS - Min Value 10 - Max Value 100
Mon, 20 Apr 2015 21:47:43 root INFO     Thread| 0: Collection Type IOSTAT - Counter Name READTIM - Min Value 100 - Max Value 1000
Mon, 20 Apr 2015 21:47:43 root INFO     Thread| 0: Collection Type CPUSTAT - Counter Name CPUSEC - Min Value 1000 - Max Value 10000
Mon, 20 Apr 2015 21:47:43 root INFO     Thread| 0:Processing Hostname GB-LD-0003 instance size S
Mon, 20 Apr 2015 21:47:43 root INFO     Thread| 0: Collection Type IOSTAT - Counter Name PHYRDS - Min Value 10 - Max Value 100
Mon, 20 Apr 2015 21:47:43 root INFO     Thread| 0: Collection Type IOSTAT - Counter Name READTIM - Min Value 100 - Max Value 1000
Mon, 20 Apr 2015 21:47:43 root INFO     Thread| 0: Collection Type CPUSTAT - Counter Name CPUSEC - Min Value 1000 - Max Value 10000
Mon, 20 Apr 2015 21:47:43 root INFO     Thread| 0:Processing Hostname GB-LD-0004 instance size L
Mon, 20 Apr 2015 21:47:43 root INFO     Thread| 0: Collection Type IOSTAT - Counter Name PHYRDS - Min Value 450 - Max Value 10000
Mon, 20 Apr 2015 21:47:43 root INFO     Thread| 0: Collection Type IOSTAT - Counter Name READTIM - Min Value 3000 - Max Value 10000
Mon, 20 Apr 2015 21:47:43 root INFO     Thread| 0: Collection Type CPUSTAT - Counter Name CPUSEC - Min Value 10000 - Max Value 50000
Mon, 20 Apr 2015 21:50:06 root INFO     Starting performance data generation ...
Mon, 20 Apr 2015 21:50:06 root INFO     Thread| 0:Processing Hostname GB-LD-0001 instance size S
Mon, 20 Apr 2015 21:50:06 root INFO     Thread| 0: Collection Type IOSTAT - Counter Name PHYRDS - Min Value 10 - Max Value 100
Mon, 20 Apr 2015 21:50:06 root INFO     Thread| 0: Collection Type IOSTAT - Counter Name READTIM - Min Value 100 - Max Value 1000
Mon, 20 Apr 2015 21:50:06 root INFO     Thread| 0: Collection Type CPUSTAT - Counter Name CPUSEC - Min Value 1000 - Max Value 10000
Mon, 20 Apr 2015 21:50:06 root INFO     Thread| 0:Processing Hostname GB-LD-0002 instance size S
Mon, 20 Apr 2015 21:50:06 root INFO     Thread| 0: Collection Type IOSTAT - Counter Name PHYRDS - Min Value 10 - Max Value 100
Mon, 20 Apr 2015 21:50:06 root INFO     Thread| 0: Collection Type IOSTAT - Counter Name READTIM - Min Value 100 - Max Value 1000
Mon, 20 Apr 2015 21:50:06 root INFO     Thread| 0: Collection Type CPUSTAT - Counter Name CPUSEC - Min Value 1000 - Max Value 10000
Mon, 20 Apr 2015 21:50:06 root INFO     Thread| 0:Processing Hostname GB-LD-0003 instance size S
Mon, 20 Apr 2015 21:50:06 root INFO     Thread| 0: Collection Type IOSTAT - Counter Name PHYRDS - Min Value 10 - Max Value 100
Mon, 20 Apr 2015 21:50:06 root INFO     Thread| 0: Collection Type IOSTAT - Counter Name READTIM - Min Value 100 - Max Value 1000
Mon, 20 Apr 2015 21:50:06 root INFO     Thread| 0: Collection Type CPUSTAT - Counter Name CPUSEC - Min Value 1000 - Max Value 10000
Mon, 20 Apr 2015 21:50:06 root INFO     Thread| 0:Processing Hostname GB-LD-0004 instance size L
Mon, 20 Apr 2015 21:50:06 root INFO     Thread| 0: Collection Type IOSTAT - Counter Name PHYRDS - Min Value 450 - Max Value 10000
Mon, 20 Apr 2015 21:50:06 root INFO     Thread| 0: Collection Type IOSTAT - Counter Name READTIM - Min Value 3000 - Max Value 10000
Mon, 20 Apr 2015 21:50:06 root INFO     Thread| 0: Collection Type CPUSTAT - Counter Name CPUSEC - Min Value 10000 - Max Value 50000
Mon, 20 Apr 2015 21:50:34 root INFO     Starting performance data generation ...
Mon, 20 Apr 2015 21:50:34 root INFO     Thread| 0:Processing Hostname GB-LD-0001 instance size S
Mon, 20 Apr 2015 21:50:34 root INFO     Thread| 0: Collection Type IOSTAT - Counter Name PHYRDS - Min Value 10 - Max Value 100
Mon, 20 Apr 2015 21:50:34 root INFO     Thread| 0: Collection Type IOSTAT - Counter Name READTIM - Min Value 100 - Max Value 1000
Mon, 20 Apr 2015 21:50:34 root INFO     Thread| 0: Collection Type CPUSTAT - Counter Name CPUSEC - Min Value 1000 - Max Value 10000
Mon, 20 Apr 2015 21:50:34 root INFO     Thread| 0:Processing Hostname GB-LD-0002 instance size S
Mon, 20 Apr 2015 21:50:34 root INFO     Thread| 0: Collection Type IOSTAT - Counter Name PHYRDS - Min Value 10 - Max Value 100
Mon, 20 Apr 2015 21:50:34 root INFO     Thread| 0: Collection Type IOSTAT - Counter Name READTIM - Min Value 100 - Max Value 1000
Mon, 20 Apr 2015 21:50:34 root INFO     Thread| 0: Collection Type CPUSTAT - Counter Name CPUSEC - Min Value 1000 - Max Value 10000
Mon, 20 Apr 2015 21:50:34 root INFO     Thread| 0:Processing Hostname GB-LD-0003 instance size S
Mon, 20 Apr 2015 21:50:34 root INFO     Thread| 0: Collection Type IOSTAT - Counter Name PHYRDS - Min Value 10 - Max Value 100
Mon, 20 Apr 2015 21:50:34 root INFO     Thread| 0: Collection Type IOSTAT - Counter Name READTIM - Min Value 100 - Max Value 1000
Mon, 20 Apr 2015 21:50:34 root INFO     Thread| 0: Collection Type CPUSTAT - Counter Name CPUSEC - Min Value 1000 - Max Value 10000
Mon, 20 Apr 2015 21:50:34 root INFO     Thread| 0:Processing Hostname GB-LD-0004 instance size L
Mon, 20 Apr 2015 21:50:34 root INFO     Thread| 0: Collection Type IOSTAT - Counter Name PHYRDS - Min Value 450 - Max Value 10000
Mon, 20 Apr 2015 21:50:34 root INFO     Thread| 0: Collection Type IOSTAT - Counter Name READTIM - Min Value 3000 - Max Value 10000
Mon, 20 Apr 2015 21:50:34 root INFO     Thread| 0: Collection Type CPUSTAT - Counter Name CPUSEC - Min Value 10000 - Max Value 50000
Mon, 20 Apr 2015 21:52:03 root INFO     Starting performance data generation ...
Mon, 20 Apr 2015 21:52:03 root INFO     Thread| 0:Processing Hostname GB-LD-0001 instance size S
Mon, 20 Apr 2015 21:52:03 root INFO     Thread| 0: Collection Type IOSTAT - Counter Name PHYRDS - Min Value 10 - Max Value 100
Mon, 20 Apr 2015 21:52:03 root INFO     Thread| 0: Collection Type IOSTAT - Counter Name READTIM - Min Value 100 - Max Value 1000
Mon, 20 Apr 2015 21:52:03 root INFO     Thread| 0: Collection Type CPUSTAT - Counter Name CPUSEC - Min Value 1000 - Max Value 10000
Mon, 20 Apr 2015 21:52:03 root INFO     Thread| 0:Processing Hostname GB-LD-0002 instance size S
Mon, 20 Apr 2015 21:52:03 root INFO     Thread| 0: Collection Type IOSTAT - Counter Name PHYRDS - Min Value 10 - Max Value 100
Mon, 20 Apr 2015 21:52:03 root INFO     Thread| 0: Collection Type IOSTAT - Counter Name READTIM - Min Value 100 - Max Value 1000
Mon, 20 Apr 2015 21:52:03 root INFO     Thread| 0: Collection Type CPUSTAT - Counter Name CPUSEC - Min Value 1000 - Max Value 10000
Mon, 20 Apr 2015 21:52:03 root INFO     Thread| 0:Processing Hostname GB-LD-0003 instance size S
Mon, 20 Apr 2015 21:52:03 root INFO     Thread| 0: Collection Type IOSTAT - Counter Name PHYRDS - Min Value 10 - Max Value 100
Mon, 20 Apr 2015 21:52:03 root INFO     Thread| 0: Collection Type IOSTAT - Counter Name READTIM - Min Value 100 - Max Value 1000
Mon, 20 Apr 2015 21:52:03 root INFO     Thread| 0: Collection Type CPUSTAT - Counter Name CPUSEC - Min Value 1000 - Max Value 10000
Mon, 20 Apr 2015 21:52:03 root INFO     Thread| 0:Processing Hostname GB-LD-0004 instance size L
Mon, 20 Apr 2015 21:52:03 root INFO     Thread| 0: Collection Type IOSTAT - Counter Name PHYRDS - Min Value 450 - Max Value 10000
Mon, 20 Apr 2015 21:52:03 root INFO     Thread| 0: Collection Type IOSTAT - Counter Name READTIM - Min Value 3000 - Max Value 10000
Mon, 20 Apr 2015 21:52:03 root INFO     Thread| 0: Collection Type CPUSTAT - Counter Name CPUSEC - Min Value 10000 - Max Value 50000
Mon, 20 Apr 2015 21:54:38 root INFO     Starting performance data generation ...
Mon, 20 Apr 2015 21:54:38 root INFO     Thread| 0:Processing Hostname GB-LD-0001 instance size S
Mon, 20 Apr 2015 21:54:38 root INFO     Thread| 0: Collection Type IOSTAT - Counter Name PHYRDS - Min Value 10 - Max Value 100
Mon, 20 Apr 2015 21:54:38 root INFO     Thread| 0: Collection Type IOSTAT - Counter Name READTIM - Min Value 100 - Max Value 1000
Mon, 20 Apr 2015 21:54:38 root INFO     Thread| 0: Collection Type CPUSTAT - Counter Name CPUSEC - Min Value 1000 - Max Value 10000
Mon, 20 Apr 2015 21:54:38 root INFO     Thread| 0:Processing Hostname GB-LD-0002 instance size S
Mon, 20 Apr 2015 21:54:38 root INFO     Thread| 0: Collection Type IOSTAT - Counter Name PHYRDS - Min Value 10 - Max Value 100
Mon, 20 Apr 2015 21:54:38 root INFO     Thread| 0: Collection Type IOSTAT - Counter Name READTIM - Min Value 100 - Max Value 1000
Mon, 20 Apr 2015 21:54:38 root INFO     Thread| 0: Collection Type CPUSTAT - Counter Name CPUSEC - Min Value 1000 - Max Value 10000
Mon, 20 Apr 2015 21:54:38 root INFO     Thread| 0:Processing Hostname GB-LD-0003 instance size S
Mon, 20 Apr 2015 21:54:38 root INFO     Thread| 0: Collection Type IOSTAT - Counter Name PHYRDS - Min Value 10 - Max Value 100
Mon, 20 Apr 2015 21:54:38 root INFO     Thread| 0: Collection Type IOSTAT - Counter Name READTIM - Min Value 100 - Max Value 1000
Mon, 20 Apr 2015 21:54:38 root INFO     Thread| 0: Collection Type CPUSTAT - Counter Name CPUSEC - Min Value 1000 - Max Value 10000
Mon, 20 Apr 2015 21:54:38 root INFO     Thread| 0:Processing Hostname GB-LD-0004 instance size L
Mon, 20 Apr 2015 21:54:38 root INFO     Thread| 0: Collection Type IOSTAT - Counter Name PHYRDS - Min Value 450 - Max Value 10000
Mon, 20 Apr 2015 21:54:38 root INFO     Thread| 0: Collection Type IOSTAT - Counter Name READTIM - Min Value 3000 - Max Value 10000
Mon, 20 Apr 2015 21:54:38 root INFO     Thread| 0: Collection Type CPUSTAT - Counter Name CPUSEC - Min Value 10000 - Max Value 50000
Mon, 20 Apr 2015 21:55:28 root INFO     Starting performance data generation ...
Mon, 20 Apr 2015 21:55:28 root INFO     Thread| 0:Processing Hostname GB-LD-0001 instance size S
Mon, 20 Apr 2015 21:55:28 root INFO     Thread| 0: Collection Type IOSTAT - Counter Name PHYRDS - Min Value 10 - Max Value 100
Mon, 20 Apr 2015 21:55:28 root INFO     Thread| 0: Collection Type IOSTAT - Counter Name READTIM - Min Value 100 - Max Value 1000
Mon, 20 Apr 2015 21:55:28 root INFO     Thread| 0: Collection Type CPUSTAT - Counter Name CPUSEC - Min Value 1000 - Max Value 10000
Mon, 20 Apr 2015 21:55:28 root INFO     Thread| 0:Processing Hostname GB-LD-0002 instance size S
Mon, 20 Apr 2015 21:55:28 root INFO     Thread| 0: Collection Type IOSTAT - Counter Name PHYRDS - Min Value 10 - Max Value 100
Mon, 20 Apr 2015 21:55:28 root INFO     Thread| 0: Collection Type IOSTAT - Counter Name READTIM - Min Value 100 - Max Value 1000
Mon, 20 Apr 2015 21:55:28 root INFO     Thread| 0: Collection Type CPUSTAT - Counter Name CPUSEC - Min Value 1000 - Max Value 10000
Mon, 20 Apr 2015 21:55:28 root INFO     Thread| 0:Processing Hostname GB-LD-0003 instance size S
Mon, 20 Apr 2015 21:55:28 root INFO     Thread| 0: Collection Type IOSTAT - Counter Name PHYRDS - Min Value 10 - Max Value 100
Mon, 20 Apr 2015 21:55:28 root INFO     Thread| 0: Collection Type IOSTAT - Counter Name READTIM - Min Value 100 - Max Value 1000
Mon, 20 Apr 2015 21:55:28 root INFO     Thread| 0: Collection Type CPUSTAT - Counter Name CPUSEC - Min Value 1000 - Max Value 10000
Mon, 20 Apr 2015 21:55:28 root INFO     Thread| 0:Processing Hostname GB-LD-0004 instance size L
Mon, 20 Apr 2015 21:55:28 root INFO     Thread| 0: Collection Type IOSTAT - Counter Name PHYRDS - Min Value 450 - Max Value 10000
Mon, 20 Apr 2015 21:55:28 root INFO     Thread| 0: Collection Type IOSTAT - Counter Name READTIM - Min Value 3000 - Max Value 10000
Mon, 20 Apr 2015 21:55:28 root INFO     Thread| 0: Collection Type CPUSTAT - Counter Name CPUSEC - Min Value 10000 - Max Value 50000
Mon, 20 Apr 2015 22:14:35 root INFO     Starting performance data generation ...
Mon, 20 Apr 2015 22:14:35 root INFO     Thread| 0:Processing Hostname GB-LD-0001 instance size S
Mon, 20 Apr 2015 22:14:35 root INFO     Thread| 0: Collection Type IOSTAT - Counter Name PHYRDS - Min Value 10 - Max Value 100
Mon, 20 Apr 2015 22:14:35 root INFO     Thread| 0: Collection Type IOSTAT - Counter Name READTIM - Min Value 100 - Max Value 1000
Mon, 20 Apr 2015 22:14:35 root INFO     Thread| 0: Collection Type CPUSTAT - Counter Name CPUSEC - Min Value 1000 - Max Value 10000
Mon, 20 Apr 2015 22:14:35 root INFO     Thread| 0:Processing Hostname GB-LD-0002 instance size S
Mon, 20 Apr 2015 22:14:35 root INFO     Thread| 0: Collection Type IOSTAT - Counter Name PHYRDS - Min Value 10 - Max Value 100
Mon, 20 Apr 2015 22:14:35 root INFO     Thread| 0: Collection Type IOSTAT - Counter Name READTIM - Min Value 100 - Max Value 1000
Mon, 20 Apr 2015 22:14:35 root INFO     Thread| 0: Collection Type CPUSTAT - Counter Name CPUSEC - Min Value 1000 - Max Value 10000
Mon, 20 Apr 2015 22:14:35 root INFO     Thread| 0:Processing Hostname GB-LD-0003 instance size S
Mon, 20 Apr 2015 22:14:35 root INFO     Thread| 0: Collection Type IOSTAT - Counter Name PHYRDS - Min Value 10 - Max Value 100
Mon, 20 Apr 2015 22:14:35 root INFO     Thread| 0: Collection Type IOSTAT - Counter Name READTIM - Min Value 100 - Max Value 1000
Mon, 20 Apr 2015 22:14:35 root INFO     Thread| 0: Collection Type CPUSTAT - Counter Name CPUSEC - Min Value 1000 - Max Value 10000
Mon, 20 Apr 2015 22:14:35 root INFO     Thread| 0:Processing Hostname GB-LD-0004 instance size L
Mon, 20 Apr 2015 22:14:35 root INFO     Thread| 0: Collection Type IOSTAT - Counter Name PHYRDS - Min Value 450 - Max Value 10000
Mon, 20 Apr 2015 22:14:35 root INFO     Thread| 0: Collection Type IOSTAT - Counter Name READTIM - Min Value 3000 - Max Value 10000
Mon, 20 Apr 2015 22:14:35 root INFO     Thread| 0: Collection Type CPUSTAT - Counter Name CPUSEC - Min Value 10000 - Max Value 50000
Mon, 20 Apr 2015 22:15:33 root INFO     Starting performance data generation ...
Mon, 20 Apr 2015 22:15:33 root INFO     Thread| 0:Processing Hostname GB-LD-0001 instance size S
Mon, 20 Apr 2015 22:15:33 root INFO     Thread| 0: Collection Type IOSTAT - Counter Name PHYRDS - Min Value 10 - Max Value 100
Mon, 20 Apr 2015 22:15:33 root INFO     Thread| 0: Collection Type IOSTAT - Counter Name READTIM - Min Value 100 - Max Value 1000
Mon, 20 Apr 2015 22:15:33 root INFO     Thread| 0: Collection Type CPUSTAT - Counter Name CPUSEC - Min Value 1000 - Max Value 10000
Mon, 20 Apr 2015 22:15:33 root INFO     Thread| 0:Processing Hostname GB-LD-0002 instance size S
Mon, 20 Apr 2015 22:15:33 root INFO     Thread| 0: Collection Type IOSTAT - Counter Name PHYRDS - Min Value 10 - Max Value 100
Mon, 20 Apr 2015 22:15:33 root INFO     Thread| 0: Collection Type IOSTAT - Counter Name READTIM - Min Value 100 - Max Value 1000
Mon, 20 Apr 2015 22:15:33 root INFO     Thread| 0: Collection Type CPUSTAT - Counter Name CPUSEC - Min Value 1000 - Max Value 10000
Mon, 20 Apr 2015 22:15:33 root INFO     Thread| 0:Processing Hostname GB-LD-0003 instance size S
Mon, 20 Apr 2015 22:15:33 root INFO     Thread| 0: Collection Type IOSTAT - Counter Name PHYRDS - Min Value 10 - Max Value 100
Mon, 20 Apr 2015 22:15:33 root INFO     Thread| 0: Collection Type IOSTAT - Counter Name READTIM - Min Value 100 - Max Value 1000
Mon, 20 Apr 2015 22:15:33 root INFO     Thread| 0: Collection Type CPUSTAT - Counter Name CPUSEC - Min Value 1000 - Max Value 10000
Mon, 20 Apr 2015 22:15:33 root INFO     Thread| 0:Processing Hostname GB-LD-0004 instance size L
Mon, 20 Apr 2015 22:15:33 root INFO     Thread| 0: Collection Type IOSTAT - Counter Name PHYRDS - Min Value 450 - Max Value 10000
Mon, 20 Apr 2015 22:15:33 root INFO     Thread| 0: Collection Type IOSTAT - Counter Name READTIM - Min Value 3000 - Max Value 10000
Mon, 20 Apr 2015 22:15:33 root INFO     Thread| 0: Collection Type CPUSTAT - Counter Name CPUSEC - Min Value 10000 - Max Value 50000
Mon, 20 Apr 2015 22:16:14 root INFO     Starting performance data generation ...
Mon, 20 Apr 2015 22:16:14 root INFO     Thread| 0:Processing Hostname GB-LD-0001 instance size S
Mon, 20 Apr 2015 22:16:14 root INFO     Thread| 0: Collection Type IOSTAT - Counter Name PHYRDS - Min Value 10 - Max Value 100
Mon, 20 Apr 2015 22:16:14 root INFO     Thread| 0: Collection Type IOSTAT - Counter Name READTIM - Min Value 100 - Max Value 1000
Mon, 20 Apr 2015 22:16:14 root INFO     Thread| 0: Collection Type CPUSTAT - Counter Name CPUSEC - Min Value 1000 - Max Value 10000
Mon, 20 Apr 2015 22:16:14 root INFO     Thread| 0:Processing Hostname GB-LD-0002 instance size S
Mon, 20 Apr 2015 22:16:14 root INFO     Thread| 0: Collection Type IOSTAT - Counter Name PHYRDS - Min Value 10 - Max Value 100
Mon, 20 Apr 2015 22:16:14 root INFO     Thread| 0: Collection Type IOSTAT - Counter Name READTIM - Min Value 100 - Max Value 1000
Mon, 20 Apr 2015 22:16:14 root INFO     Thread| 0: Collection Type CPUSTAT - Counter Name CPUSEC - Min Value 1000 - Max Value 10000
Mon, 20 Apr 2015 22:16:14 root INFO     Thread| 0:Processing Hostname GB-LD-0003 instance size S
Mon, 20 Apr 2015 22:16:14 root INFO     Thread| 0: Collection Type IOSTAT - Counter Name PHYRDS - Min Value 10 - Max Value 100
Mon, 20 Apr 2015 22:16:14 root INFO     Thread| 0: Collection Type IOSTAT - Counter Name READTIM - Min Value 100 - Max Value 1000
Mon, 20 Apr 2015 22:16:14 root INFO     Thread| 0: Collection Type CPUSTAT - Counter Name CPUSEC - Min Value 1000 - Max Value 10000
Mon, 20 Apr 2015 22:16:14 root INFO     Thread| 0:Processing Hostname GB-LD-0004 instance size L
Mon, 20 Apr 2015 22:16:14 root INFO     Thread| 0: Collection Type IOSTAT - Counter Name PHYRDS - Min Value 450 - Max Value 10000
Mon, 20 Apr 2015 22:16:14 root INFO     Thread| 0: Collection Type IOSTAT - Counter Name READTIM - Min Value 3000 - Max Value 10000
Mon, 20 Apr 2015 22:16:14 root INFO     Thread| 0: Collection Type CPUSTAT - Counter Name CPUSEC - Min Value 10000 - Max Value 50000
Sun, 03 May 2015 10:31:05 root INFO     Starting performance data generation ...
Sun, 03 May 2015 10:31:05 root INFO     Thread| 0:Processing Hostname GB-LD-0001 instance size S
Sun, 03 May 2015 10:31:05 root INFO     Thread| 0: Collection Type IOSTAT - Counter Name PHYRDS - Min Value 10 - Max Value 100
Sun, 03 May 2015 10:31:05 root INFO     Thread| 0: Collection Type IOSTAT - Counter Name READTIM - Min Value 100 - Max Value 1000
Sun, 03 May 2015 10:31:05 root INFO     Thread| 0: Collection Type CPUSTAT - Counter Name CPUSEC - Min Value 1000 - Max Value 10000
Sun, 03 May 2015 10:31:05 root INFO     Thread| 0:Processing Hostname GB-LD-0002 instance size S
Sun, 03 May 2015 10:31:05 root INFO     Thread| 0: Collection Type IOSTAT - Counter Name PHYRDS - Min Value 10 - Max Value 100
Sun, 03 May 2015 10:31:05 root INFO     Thread| 0: Collection Type IOSTAT - Counter Name READTIM - Min Value 100 - Max Value 1000
Sun, 03 May 2015 10:31:05 root INFO     Thread| 0: Collection Type CPUSTAT - Counter Name CPUSEC - Min Value 1000 - Max Value 10000
Sun, 03 May 2015 10:31:05 root INFO     Thread| 0:Processing Hostname GB-LD-0003 instance size S
Sun, 03 May 2015 10:31:05 root INFO     Thread| 0: Collection Type IOSTAT - Counter Name PHYRDS - Min Value 10 - Max Value 100
Sun, 03 May 2015 10:31:05 root INFO     Thread| 0: Collection Type IOSTAT - Counter Name READTIM - Min Value 100 - Max Value 1000
Sun, 03 May 2015 10:31:05 root INFO     Thread| 0: Collection Type CPUSTAT - Counter Name CPUSEC - Min Value 1000 - Max Value 10000
Sun, 03 May 2015 10:31:05 root INFO     Thread| 0:Processing Hostname GB-LD-0004 instance size L
Sun, 03 May 2015 10:31:05 root INFO     Thread| 0: Collection Type IOSTAT - Counter Name PHYRDS - Min Value 450 - Max Value 10000
Sun, 03 May 2015 10:31:05 root INFO     Thread| 0: Collection Type IOSTAT - Counter Name READTIM - Min Value 3000 - Max Value 10000
Sun, 03 May 2015 10:31:05 root INFO     Thread| 0: Collection Type CPUSTAT - Counter Name CPUSEC - Min Value 10000 - Max Value 50000
Mon, 04 May 2015 19:53:22 root INFO     Starting performance data generation ...
Mon, 04 May 2015 19:55:48 root INFO     Starting performance data generation ...
Mon, 04 May 2015 19:58:54 root INFO     Starting performance data generation ...
Mon, 04 May 2015 19:59:21 root INFO     Starting performance data generation ...
Mon, 04 May 2015 20:00:18 root INFO     Starting performance data generation ...
Mon, 04 May 2015 20:00:18 root INFO     Thread| 0:Processing Hostname GB-LD-0001 instance size S
Mon, 04 May 2015 20:00:50 root INFO     Starting performance data generation ...
Mon, 04 May 2015 20:00:50 root INFO     Thread| 0:Processing Hostname GB-LD-0001 instance size S
Mon, 04 May 2015 20:01:16 root INFO     Starting performance data generation ...
Mon, 04 May 2015 20:01:16 root INFO     Thread| 0:Processing Hostname GB-LD-0001 instance size S
Mon, 04 May 2015 20:02:28 root INFO     Starting performance data generation ...
Mon, 04 May 2015 20:02:28 root INFO     Thread| 0:Processing Hostname GB-LD-0001 instance size S
Mon, 04 May 2015 20:04:05 root INFO     Starting performance data generation ...
Mon, 04 May 2015 20:04:05 root INFO     Thread| 0:Processing Hostname GB-LD-0001 instance size S
Mon, 04 May 2015 20:04:05 root INFO     Thread| 0: Collection Type IOSTAT - Counter Name PHYRDS - Min Value 10 - Max Value 100
Mon, 04 May 2015 20:04:05 root INFO     Thread| 0: Collection Type IOSTAT - Counter Name READTIM - Min Value 100 - Max Value 1000
Mon, 04 May 2015 20:04:05 root INFO     Thread| 0: Collection Type CPUSTAT - Counter Name CPUSEC - Min Value 1000 - Max Value 10000
Mon, 04 May 2015 20:04:05 root INFO     Thread| 0:Processing Hostname GB-LD-0002 instance size S
Mon, 04 May 2015 20:04:05 root INFO     Thread| 0: Collection Type IOSTAT - Counter Name PHYRDS - Min Value 10 - Max Value 100
Mon, 04 May 2015 20:04:05 root INFO     Thread| 0: Collection Type IOSTAT - Counter Name READTIM - Min Value 100 - Max Value 1000
Mon, 04 May 2015 20:04:05 root INFO     Thread| 0: Collection Type CPUSTAT - Counter Name CPUSEC - Min Value 1000 - Max Value 10000
Mon, 04 May 2015 20:04:05 root INFO     Thread| 0:Processing Hostname GB-LD-0003 instance size S
Mon, 04 May 2015 20:04:05 root INFO     Thread| 0: Collection Type IOSTAT - Counter Name PHYRDS - Min Value 10 - Max Value 100
Mon, 04 May 2015 20:04:05 root INFO     Thread| 0: Collection Type IOSTAT - Counter Name READTIM - Min Value 100 - Max Value 1000
Mon, 04 May 2015 20:04:05 root INFO     Thread| 0: Collection Type CPUSTAT - Counter Name CPUSEC - Min Value 1000 - Max Value 10000
Mon, 04 May 2015 20:04:05 root INFO     Thread| 0:Processing Hostname GB-LD-0004 instance size L
Mon, 04 May 2015 20:04:05 root INFO     Thread| 0: Collection Type IOSTAT - Counter Name PHYRDS - Min Value 450 - Max Value 10000
Mon, 04 May 2015 20:04:05 root INFO     Thread| 0: Collection Type IOSTAT - Counter Name READTIM - Min Value 3000 - Max Value 10000
Mon, 04 May 2015 20:04:05 root INFO     Thread| 0: Collection Type CPUSTAT - Counter Name CPUSEC - Min Value 10000 - Max Value 50000
Mon, 04 May 2015 20:04:43 root INFO     Starting performance data generation ...
Mon, 04 May 2015 20:04:43 root INFO     Thread| 0:Processing Hostname GB-LD-0001 instance size S
Mon, 04 May 2015 20:04:43 root INFO     Thread| 0: Collection Type IOSTAT - Counter Name PHYRDS - Min Value 10 - Max Value 100
Mon, 04 May 2015 20:04:43 root INFO     Thread| 0: Collection Type IOSTAT - Counter Name READTIM - Min Value 100 - Max Value 1000
Mon, 04 May 2015 20:04:43 root INFO     Thread| 0: Collection Type CPUSTAT - Counter Name CPUSEC - Min Value 1000 - Max Value 10000
Mon, 04 May 2015 20:04:43 root INFO     Thread| 0:Processing Hostname GB-LD-0001 instance size S
Mon, 04 May 2015 20:04:43 root INFO     Thread| 0: Collection Type IOSTAT - Counter Name PHYRDS - Min Value 10 - Max Value 100
Mon, 04 May 2015 20:04:43 root INFO     Thread| 0: Collection Type IOSTAT - Counter Name READTIM - Min Value 100 - Max Value 1000
Mon, 04 May 2015 20:04:43 root INFO     Thread| 0: Collection Type CPUSTAT - Counter Name CPUSEC - Min Value 1000 - Max Value 10000
Mon, 04 May 2015 20:08:51 root INFO     Starting performance data generation ...
Mon, 04 May 2015 20:08:51 root INFO     Thread| 0:Processing Hostname GB-LD-0001 instance size S
Mon, 04 May 2015 20:08:51 root INFO     Thread| 0: Collection Type IOSTAT - Counter Name PHYRDS - Min Value 10 - Max Value 100
Mon, 04 May 2015 20:08:51 root INFO     Thread| 0: Collection Type IOSTAT - Counter Name READTIM - Min Value 100 - Max Value 1000
Mon, 04 May 2015 20:08:51 root INFO     Thread| 0: Collection Type CPUSTAT - Counter Name CPUSEC - Min Value 1000 - Max Value 10000
Mon, 04 May 2015 20:08:51 root INFO     Thread| 0:Processing Hostname GB-LD-0001 instance size S
Mon, 04 May 2015 20:08:51 root INFO     Thread| 0: Collection Type IOSTAT - Counter Name PHYRDS - Min Value 10 - Max Value 100
Mon, 04 May 2015 20:08:51 root INFO     Thread| 0: Collection Type IOSTAT - Counter Name READTIM - Min Value 100 - Max Value 1000
Mon, 04 May 2015 20:08:51 root INFO     Thread| 0: Collection Type CPUSTAT - Counter Name CPUSEC - Min Value 1000 - Max Value 10000
Mon, 04 May 2015 20:12:11 root INFO     Starting performance data generation ...
Mon, 04 May 2015 20:12:11 root INFO     Thread| 0:Processing Hostname GB-LD-0001 instance size S
Mon, 04 May 2015 20:12:11 root INFO     Thread| 0: Collection Type IOSTAT - Counter Name PHYRDS - Min Value 10 - Max Value 100
Mon, 04 May 2015 20:12:11 root INFO     Thread| 0: Collection Type IOSTAT - Counter Name READTIM - Min Value 100 - Max Value 1000
Mon, 04 May 2015 20:12:11 root INFO     Thread| 0: Collection Type CPUSTAT - Counter Name CPUSEC - Min Value 1000 - Max Value 10000
Mon, 04 May 2015 20:12:11 root INFO     Thread| 0:Processing Hostname GB-LD-0001 instance size S
Mon, 04 May 2015 20:12:11 root INFO     Thread| 0: Collection Type IOSTAT - Counter Name PHYRDS - Min Value 10 - Max Value 100
Mon, 04 May 2015 20:12:11 root INFO     Thread| 0: Collection Type IOSTAT - Counter Name READTIM - Min Value 100 - Max Value 1000
Mon, 04 May 2015 20:12:11 root INFO     Thread| 0: Collection Type CPUSTAT - Counter Name CPUSEC - Min Value 1000 - Max Value 10000
Mon, 04 May 2015 20:16:11 root INFO     Starting performance data generation ...
Mon, 04 May 2015 20:16:11 root INFO     Thread| 0:Processing Hostname GB-LD-0001 instance size S
Mon, 04 May 2015 20:16:11 root INFO     Thread| 0: Collection Type IOSTAT - Counter Name PHYRDS - Min Value 10 - Max Value 100
Mon, 04 May 2015 20:16:11 root INFO     Thread| 0: Collection Type IOSTAT - Counter Name READTIM - Min Value 100 - Max Value 1000
Mon, 04 May 2015 20:16:11 root INFO     Thread| 0: Collection Type CPUSTAT - Counter Name CPUSEC - Min Value 1000 - Max Value 10000
Mon, 04 May 2015 20:16:11 root INFO     Thread| 0:Processing Hostname GB-LD-0001 instance size S
Mon, 04 May 2015 20:16:11 root INFO     Thread| 0: Collection Type IOSTAT - Counter Name PHYRDS - Min Value 10 - Max Value 100
Mon, 04 May 2015 20:16:11 root INFO     Thread| 0: Collection Type IOSTAT - Counter Name READTIM - Min Value 100 - Max Value 1000
Mon, 04 May 2015 20:16:11 root INFO     Thread| 0: Collection Type CPUSTAT - Counter Name CPUSEC - Min Value 1000 - Max Value 10000
Mon, 04 May 2015 20:17:32 root INFO     Starting performance data generation ...
Mon, 04 May 2015 20:17:32 root INFO     Thread| 0:Processing Hostname GB-LD-0001 instance size S
Mon, 04 May 2015 20:17:32 root INFO     Thread| 0: Collection Type IOSTAT - Counter Name PHYRDS - Min Value 10 - Max Value 100
Mon, 04 May 2015 20:17:32 root INFO     Thread| 0: Collection Type IOSTAT - Counter Name READTIM - Min Value 100 - Max Value 1000
Mon, 04 May 2015 20:17:32 root INFO     Thread| 0: Collection Type CPUSTAT - Counter Name CPUSEC - Min Value 1000 - Max Value 10000
Mon, 04 May 2015 20:17:32 root INFO     Thread| 0:Processing Hostname GB-LD-0001 instance size S
Mon, 04 May 2015 20:17:32 root INFO     Thread| 0: Collection Type IOSTAT - Counter Name PHYRDS - Min Value 10 - Max Value 100
Mon, 04 May 2015 20:17:32 root INFO     Thread| 0: Collection Type IOSTAT - Counter Name READTIM - Min Value 100 - Max Value 1000
Mon, 04 May 2015 20:17:32 root INFO     Thread| 0: Collection Type CPUSTAT - Counter Name CPUSEC - Min Value 1000 - Max Value 10000
