Sun, 13 Jul 5Y 16:24:18 root INFO     Starting load gen ...
Sun, 13 Jul 5Y 16:24:18 root INFO     Thread| Main: Logfile and Loglevel set
Sun, 13 Jul 5Y 16:24:18 root INFO     Thread| Main: Number of Thread Requested - 2
Sun, 13 Jul 5Y 16:24:18 root INFO     Thread| Main: Repository Database ZGREPO01
Sun, 13 Jul 5Y 16:24:18 root INFO     Thread| Main: Repository Database User Name LOADGEN
Sun, 13 Jul 5Y 16:24:18 root INFO     Thread| Main: Identity file /Users/bipul/python/etc/password exists and readable
Sun, 13 Jul 5Y 16:24:18 root INFO     Thread| Main: SQLDIR /Users/bipul/python/etc/sqllib exists 
Sun, 13 Jul 5Y 16:25:04 root INFO     Starting load gen ...
Sun, 13 Jul 5Y 16:25:04 root INFO     Thread| Main: Logfile and Loglevel set
Sun, 13 Jul 5Y 16:25:04 root INFO     Thread| Main: Number of Thread Requested - 2
Sun, 13 Jul 5Y 16:25:04 root INFO     Thread| Main: Repository Database ZGREPO01
Sun, 13 Jul 5Y 16:25:04 root INFO     Thread| Main: Repository Database User Name LOADGEN
Sun, 13 Jul 5Y 16:25:04 root INFO     Thread| Main: Identity file /Users/bipul/python/etc/password exists and readable
Sun, 13 Jul 5Y 16:25:04 root INFO     Thread| Main: SQLDIR /Users/bipul/python/etc/sqllib exists 
Sun, 13 Jul 5Y 16:25:10 root INFO     Starting load gen ...
Sun, 13 Jul 5Y 16:25:10 root INFO     Thread| Main: Logfile and Loglevel set
Sun, 13 Jul 5Y 16:25:10 root INFO     Thread| Main: Number of Thread Requested - 2
Sun, 13 Jul 5Y 16:25:10 root INFO     Thread| Main: Repository Database ZGREPO01
Sun, 13 Jul 5Y 16:25:10 root INFO     Thread| Main: Repository Database User Name LOADGEN
Sun, 13 Jul 5Y 16:25:10 root INFO     Thread| Main: Identity file /Users/bipul/python/etc/password exists and readable
Sun, 13 Jul 5Y 16:25:10 root INFO     Thread| Main: SQLDIR /Users/bipul/python/etc/sqllib exists 
Sun, 13 Jul 5Y 16:25:42 root INFO     Starting load gen ...
Sun, 13 Jul 5Y 16:25:42 root INFO     Thread| Main: Logfile and Loglevel set
Sun, 13 Jul 5Y 16:25:42 root INFO     Thread| Main: Number of Thread Requested - 2
Sun, 13 Jul 5Y 16:25:42 root INFO     Thread| Main: Repository Database ZGREPO01
Sun, 13 Jul 5Y 16:25:42 root INFO     Thread| Main: Repository Database User Name LOADGEN
Sun, 13 Jul 5Y 16:25:42 root INFO     Thread| Main: Identity file /Users/bipul/python/etc/password exists and readable
Sun, 13 Jul 5Y 16:25:42 root INFO     Thread| Main: SQLDIR /Users/bipul/python/etc/sqllib exists 
Sun, 13 Jul 5Y 16:25:57 root INFO     Starting load gen ...
Sun, 13 Jul 5Y 16:25:57 root INFO     Thread| Main: Logfile and Loglevel set
Sun, 13 Jul 5Y 16:25:57 root INFO     Thread| Main: Number of Thread Requested - 2
Sun, 13 Jul 5Y 16:25:57 root INFO     Thread| Main: Repository Database ZGREPO01
Sun, 13 Jul 5Y 16:25:57 root INFO     Thread| Main: Repository Database User Name LOADGEN
Sun, 13 Jul 5Y 16:25:57 root INFO     Thread| Main: Identity file /Users/bipul/python/etc/password exists and readable
Sun, 13 Jul 5Y 16:25:57 root INFO     Thread| Main: SQLDIR /Users/bipul/python/etc/sqllib exists 
Sun, 13 Jul 5Y 16:32:59 root INFO     Starting load gen ...
Sun, 13 Jul 5Y 16:32:59 root INFO     Thread| Main: Logfile and Loglevel set
Sun, 13 Jul 5Y 16:32:59 root INFO     Thread| Main: Number of Thread Requested - 2
Sun, 13 Jul 5Y 16:32:59 root INFO     Thread| Main: Repository Database ZGREPO01
Sun, 13 Jul 5Y 16:32:59 root INFO     Thread| Main: Repository Database User Name LOADGEN
Sun, 13 Jul 5Y 16:32:59 root INFO     Thread| Main: Identity file /Users/bipul/python/etc/password exists and readable
Sun, 13 Jul 5Y 16:32:59 root INFO     Thread| Main: SQLDIR /Users/bipul/python/etc/sqllib exists 
Sun, 13 Jul 5Y 16:32:59 root INFO     Thread| Main: Timeout set to 15
Sat, 13 Sep 5Y 13:55:35 root INFO     Starting load gen ...
Sat, 13 Sep 5Y 13:55:35 root INFO     Thread| Main: Logfile and Loglevel set
Sat, 13 Sep 5Y 13:55:35 root INFO     Thread| Main: Number of Thread Requested - 2
Sat, 13 Sep 5Y 13:55:35 root INFO     Thread| Main: Repository Database ZGREPO01
Sat, 13 Sep 5Y 13:55:35 root INFO     Thread| Main: Repository Database User Name LOADGEN
Sat, 13 Sep 5Y 13:55:35 root INFO     Thread| Main: Identity file /Users/bipul/python/etc/password exists and readable
Sat, 13 Sep 5Y 13:55:35 root INFO     Thread| Main: SQLDIR /Users/bipul/python/etc/sqllib exists 
Sat, 13 Sep 5Y 13:55:35 root INFO     Thread| Main: Timeout set to 15
Sun, 02 Nov 5Y 19:48:29 root INFO     Starting load gen ...
Sun, 02 Nov 5Y 19:48:29 root INFO     Thread| Main: Logfile and Loglevel set
Sun, 02 Nov 5Y 19:48:29 root INFO     Thread| Main: Number of Thread Requested - 2
Sun, 02 Nov 5Y 19:48:29 root INFO     Thread| Main: Repository Database ZGREPO01
Sun, 02 Nov 5Y 19:48:29 root INFO     Thread| Main: Repository Database User Name LOADGEN
Sun, 02 Nov 5Y 19:48:29 root INFO     Thread| Main: Identity file /Users/bipul/python/etc/password exists and readable
Sun, 02 Nov 5Y 19:48:29 root INFO     Thread| Main: SQLDIR /Users/bipul/python/etc/sqllib exists 
Sun, 02 Nov 5Y 19:48:29 root INFO     Thread| Main: Timeout set to 15
Sun, 02 Nov 5Y 20:09:28 root INFO     Starting load gen ...
Sun, 02 Nov 5Y 20:09:28 root INFO     Thread| Main: Logfile and Loglevel set
Sun, 02 Nov 5Y 20:09:28 root INFO     Thread| Main: Number of Thread Requested - 2
Sun, 02 Nov 5Y 20:09:28 root INFO     Thread| Main: Repository Database ZGREPO01
Sun, 02 Nov 5Y 20:09:28 root INFO     Thread| Main: Repository Database User Name LOADGEN
Sun, 02 Nov 5Y 20:09:28 root INFO     Thread| Main: Identity file /Users/bipul/python/etc/password exists and readable
Sun, 02 Nov 5Y 20:09:28 root INFO     Thread| Main: Password loadgen

Sun, 02 Nov 5Y 20:09:28 root INFO     Thread| Main: SQLDIR /Users/bipul/python/etc/sqllib exists 
Sun, 02 Nov 5Y 20:09:28 root INFO     Thread| Main: Timeout set to 15
Sun, 02 Nov 5Y 20:10:44 root INFO     Starting load gen ...
Sun, 02 Nov 5Y 20:10:44 root INFO     Thread| Main: Logfile and Loglevel set
Sun, 02 Nov 5Y 20:10:44 root INFO     Thread| Main: Number of Thread Requested - 2
Sun, 02 Nov 5Y 20:10:44 root INFO     Thread| Main: Repository Database ZGREPO01
Sun, 02 Nov 5Y 20:10:44 root INFO     Thread| Main: Repository Database User Name LOADGEN
Sun, 02 Nov 5Y 20:10:44 root INFO     Thread| Main: Identity file /Users/bipul/python/etc/password exists and readable
Sun, 02 Nov 5Y 20:10:44 root INFO     Thread| Main: Password loadgen
Sun, 02 Nov 5Y 20:10:44 root INFO     Thread| Main: SQLDIR /Users/bipul/python/etc/sqllib exists 
Sun, 02 Nov 5Y 20:10:44 root INFO     Thread| Main: Timeout set to 15
Sun, 02 Nov 5Y 20:11:16 root INFO     Starting load gen ...
Sun, 02 Nov 5Y 20:11:16 root INFO     Thread| Main: Logfile and Loglevel set
Sun, 02 Nov 5Y 20:11:16 root INFO     Thread| Main: Number of Thread Requested - 2
Sun, 02 Nov 5Y 20:11:16 root INFO     Thread| Main: Repository Database ZGREPO01
Sun, 02 Nov 5Y 20:11:16 root INFO     Thread| Main: Repository Database User Name LOADGEN
Sun, 02 Nov 5Y 20:11:16 root INFO     Thread| Main: Identity file /Users/bipul/python/etc/password exists and readable
Sun, 02 Nov 5Y 20:11:16 root INFO     Thread| Main: SQLDIR /Users/bipul/python/etc/sqllib exists 
Sun, 02 Nov 5Y 20:11:16 root INFO     Thread| Main: Timeout set to 15
Sun, 02 Nov 5Y 20:46:33 root INFO     Starting load gen ...
Sun, 02 Nov 5Y 20:46:33 root INFO     Thread| Main: Logfile and Loglevel set
Sun, 02 Nov 5Y 20:46:33 root INFO     Thread| Main: Number of Thread Requested - 2
Sun, 02 Nov 5Y 20:46:33 root INFO     Thread| Main: Repository Database ZGREPO01
Sun, 02 Nov 5Y 20:46:33 root INFO     Thread| Main: Repository Database User Name LOADGEN
Sun, 02 Nov 5Y 20:46:33 root INFO     Thread| Main: Identity file /Users/bipul/python/etc/password exists and readable
Sun, 02 Nov 5Y 20:46:33 root INFO     Thread| Main: SQLDIR /Users/bipul/python/etc/sqllib exists 
Sun, 02 Nov 5Y 20:46:33 root INFO     Thread| Main: Timeout set to 15
Sun, 02 Nov 5Y 20:54:05 root INFO     Starting load gen ...
Sun, 02 Nov 5Y 20:54:05 root INFO     Thread| Main: Logfile and Loglevel set
Sun, 02 Nov 5Y 20:54:05 root INFO     Thread| Main: Number of Thread Requested - 2
Sun, 02 Nov 5Y 20:54:05 root INFO     Thread| Main: Repository Database CAPMAN
Sun, 02 Nov 5Y 20:54:05 root INFO     Thread| Main: Repository Database User Name LOADGEN
Sun, 02 Nov 5Y 20:54:05 root INFO     Thread| Main: Identity file /Users/bipul/python/etc/password exists and readable
Sun, 02 Nov 5Y 20:54:05 root INFO     Thread| Main: SQLDIR /Users/bipul/python/etc/sqllib exists 
Sun, 02 Nov 5Y 20:54:05 root INFO     Thread| Main: Timeout set to 15
Sun, 02 Nov 5Y 20:55:54 root INFO     Starting load gen ...
Sun, 02 Nov 5Y 20:55:54 root INFO     Thread| Main: Logfile and Loglevel set
Sun, 02 Nov 5Y 20:55:54 root INFO     Thread| Main: Number of Thread Requested - 2
Sun, 02 Nov 5Y 20:55:54 root INFO     Thread| Main: Repository Database CAPMAN
Sun, 02 Nov 5Y 20:55:54 root INFO     Thread| Main: Repository Database User Name LOADGEN
Sun, 02 Nov 5Y 20:55:54 root INFO     Thread| Main: Identity file /Users/bipul/python/etc/password exists and readable
Sun, 02 Nov 5Y 20:55:54 root INFO     Thread| Main: SQLDIR /Users/bipul/python/etc/sqllib exists 
Sun, 02 Nov 5Y 20:55:54 root INFO     Thread| Main: Timeout set to 15
Sun, 02 Nov 5Y 20:56:49 root INFO     Starting load gen ...
Sun, 02 Nov 5Y 20:56:49 root INFO     Thread| Main: Logfile and Loglevel set
Sun, 02 Nov 5Y 20:56:49 root INFO     Thread| Main: Number of Thread Requested - 2
Sun, 02 Nov 5Y 20:56:49 root INFO     Thread| Main: Repository Database CAPMAN
Sun, 02 Nov 5Y 20:56:49 root INFO     Thread| Main: Repository Database User Name LOADGEN
Sun, 02 Nov 5Y 20:56:49 root INFO     Thread| Main: Identity file /Users/bipul/python/etc/password exists and readable
Sun, 02 Nov 5Y 20:56:49 root INFO     Thread| Main: SQLDIR /Users/bipul/python/etc/sqllib exists 
Sun, 02 Nov 5Y 20:56:49 root INFO     Thread| Main: Timeout set to 15
Sun, 02 Nov 5Y 20:57:31 root INFO     Starting load gen ...
Sun, 02 Nov 5Y 20:57:31 root INFO     Thread| Main: Logfile and Loglevel set
Sun, 02 Nov 5Y 20:57:31 root INFO     Thread| Main: Number of Thread Requested - 2
Sun, 02 Nov 5Y 20:57:31 root INFO     Thread| Main: Repository Database CAPMAN
Sun, 02 Nov 5Y 20:57:31 root INFO     Thread| Main: Repository Database User Name LOADGEN
Sun, 02 Nov 5Y 20:57:31 root INFO     Thread| Main: Identity file /Users/bipul/python/etc/password exists and readable
Sun, 02 Nov 5Y 20:57:31 root INFO     Thread| Main: SQLDIR /Users/bipul/python/etc/sqllib exists 
Sun, 02 Nov 5Y 20:57:31 root INFO     Thread| Main: Timeout set to 15
Sun, 19 Apr 5Y 18:24:22 root INFO     Starting load gen ...
Sun, 19 Apr 5Y 18:24:22 root INFO     Thread| Main: Logfile and Loglevel set
Sun, 19 Apr 5Y 18:24:22 root INFO     Thread| Main: Number of Thread Requested - 2
Sun, 19 Apr 5Y 18:24:22 root INFO     Thread| Main: Repository Database CAPMAN
Sun, 19 Apr 5Y 18:24:22 root INFO     Thread| Main: Repository Database User Name LOADGEN
Sun, 19 Apr 5Y 18:24:22 root INFO     Thread| Main: Identity file /Users/bipul/python/etc/password exists and readable
Sun, 19 Apr 5Y 18:24:22 root INFO     Thread| Main: SQLDIR /Users/bipul/python/etc/sqllib exists 
Sun, 19 Apr 5Y 18:24:22 root INFO     Thread| Main: Timeout set to 15
